<!DOCTYPE html>


<html>
	<head>
        <meta http-equiv="content-type" content="text/html; charset=UTF-8" />
		<title>UnitTestProject Test Execution Report</title>
        <script type="text/javascript" src="http://code.jquery.com/jquery-1.6.2.min.js"></script>
        <script type="text/javascript">
            /**
            * jQuery.fn.sortElements
            * --------------
            * #author James Padolsey (http://james.padolsey.com)
            * #version 0.11
            * #updated 18-MAR-2010
            * #url https://raw.github.com/jamespadolsey/jQuery-Plugins/master/sortElements/jquery.sortElements.js
            * --------------
            * #param Function comparator:
            *   Exactly the same behaviour as [1,2,3].sort(comparator)
            *   
            * #param Function getSortable
            *   A function that should return the element that is
            *   to be sorted. The comparator will run on the
            *   current collection, but you may want the actual
            *   resulting sort to occur on a parent or another
            *   associated element.
            *   
            *   E.g. $('td').sortElements(comparator, function(){
            *      return this.parentNode; 
            *   })
            *   
            *   The <td>'s parent (<tr>) will be sorted instead
            *   of the <td> itself.
            */
            jQuery.fn.sortElements = (function () {

                var sort = [].sort;

                return function (comparator, getSortable) {

                    getSortable = getSortable || function () { return this; };

                    var placements = this.map(function () {

                        var sortElement = getSortable.call(this),
                parentNode = sortElement.parentNode,

                        // Since the element itself will change position, we have
                        // to have some way of storing it's original position in
                        // the DOM. The easiest way is to have a 'flag' node:
                nextSibling = parentNode.insertBefore(
                    document.createTextNode(''),
                    sortElement.nextSibling
                );

                        return function () {

                            if (parentNode === this) {
                                throw new Error(
                        "You can't sort elements if any one is a descendant of another."
                    );
                            }

                            // Insert before flag:
                            parentNode.insertBefore(this, nextSibling);
                            // Remove flag:
                            parentNode.removeChild(nextSibling);

                        };

                    });

                    return sort.call(this, comparator).each(function (i) {
                        placements[i].call(getSortable.call(this));
                    });

                };

            })();
        </script>
        <script type="text/javascript">
            jQuery.fn.setBarSizes = (function () {
                return function (metricName, maxBarSize, min) {
                    var max = Math.max.apply(Math, $.makeArray($(this).map(function () { return Number($(this).attr('data-sr-' + metricName)); })));
                    var scale = 1.0;
                    while (max > 0.0 && max <= 10.0) {
                        scale = scale * 10.0;
                        max = max * 10.0;
                    }
                    max = (Math.ceil(max / 2) * 2) / scale;

                    this.each(function () {
                        var barAnchor = $(this).find('a');
                        var actual = $(this).attr('data-sr-' + metricName);
                        var newHeight = Math.max(Math.round(maxBarSize * (actual - min) / (max - min)), 2);
                        barAnchor.css({ height: newHeight });
                    });

                    var unit = "";
                    if (metricName.substr(metricName.length - 4, 4) === "time")
                        unit = "s";

                    $('#testview .scale-min-label').each(function () {
                        $(this).text(min.toString() + unit);
                    });
                    $('#testview .scale-max-label').each(function () {
                        $(this).text(max.toString() + unit);
                    });
                    var mid = max / 2;
                    $('#testview .scale-mid-label').each(function () {
                        $(this).text(mid.toString() + unit);
                    });
                };
            })();

            function getComparer(metricName, isDesc) {
                return function (a, b) {
                    var aNumber = Number($(a).attr('data-sr-' + metricName));
                    var bNumber = Number($(b).attr('data-sr-' + metricName));
                    var result = aNumber > bNumber ? 1 : (aNumber < bNumber ? -1 : 0);
                    if (isDesc)
                        result = -1 * result;

                    if (result == 0 && metricName != "order")
                        result = getComparer("order", false)(a, b);

                    return result;
                };
            }

            var currentSort = "";
            function doSort(allowToggleDesc) {
                var newSort = $("input[name='barSortOrder']:checked").val();
                if (allowToggleDesc && currentSort == newSort) {
                    $('#barSortDesc').click();
                    doSort(false);
                    return;
                }
                currentSort = newSort;
                $('#testview td.testview-item').sortElements(getComparer(newSort, $('#barSortDesc').is(':checked')));
            }


            function doSetHeights(allowSort) {
                var selectedMetric = $("input[name='barHeight']:checked").val();
                $('#testview td.testview-item').setBarSizes(selectedMetric, 60, 0.0);

                if (allowSort && currentSort != selectedMetric) {
                    var $radios = $("input[name='barSortOrder']");
                    $radios.filter('[value=' + selectedMetric + ']').attr('checked', true);
                    $("#barSortDesc").attr("checked", [true]);
                    doSort(false);
                }
            }

            $(document).ready(function () {
                $("input[name='barSortOrder']").click(function () { doSort(true); return true; });
                $("input[name='barSortDesc']").change(function () { doSort(false); });
                $("input[name='barHeight']").change(function () { doSetHeights(true); });

                doSort(false);
                doSetHeights(false);

                $("div.scrollable").css({ 'overflow': 'auto' });
            });
        </script>

        <style type="text/css">
            body 
            {
                color: #000000;
                font-family: Arial,Liberation Sans,DejaVu Sans,sans-serif;
                line-height: 130%;
            }
            h1 {
                font-family: Trebuchet MS,Liberation Sans,DejaVu Sans,sans-serif;
                font-size: 170%;
                font-weight: bold;
            }            
            h2 {
                font-family: Trebuchet MS,Liberation Sans,DejaVu Sans,sans-serif;
                font-size: 130%;
                font-weight: bold;
                margin-bottom: 5px;
            }            
            h3 {
                font-family: Trebuchet MS,Liberation Sans,DejaVu Sans,sans-serif;
                font-size: 120%;
                font-weight: bold;
                margin-bottom: 5px;
            }            
            a.bar
            {
                text-decoration: none;
                display: block;
                line-height: 1px;
            }
            .description
            {
                font-style: italic;
            }
            .log 
            {
                width: 600px;
                white-space: pre-wrap;
                display: block;
                margin: 0px;
            }
            .errorMessage 
            {
                width: 600px;
                color: Red;
                font-weight: bold;
            }
            .stackTrace 
            {
                width: 600px;
                white-space: pre-wrap;
                font-style: italic;
                color: Red;
                display: block;
            }
            table.testEvents
            {
                border: solid 1px #e8eef4;
                border-collapse: collapse;
            }
            table.testEvents td
            {
                vertical-align: top;
                padding: 5px;
                border: solid 1px #e8eef4;
            }
            table.testEvents th
            {
                padding: 6px 5px;
                text-align: left;
                background-color: #e8eef4;
                border: solid 1px #e8eef4;                
            }
            .comment
            {
                font-style: italic;
                font-size: smaller;
            }
            .startupBar
            {
                background-color: #EEEEEE;
                cursor: default;
            }
            
            .colorSucceeded
            {
                background-color: #90ED7B;
            }
            .colorIgnored
            {
                background-color: #FFFF85;
            }
            .colorPending
            {
                background-color: #D47BED;
            }
            .colorNothingToRun
            {
                background-color: #CCCCFF;
            }
            .colorSkipped
            {
                background-color: #CCCCFF;
            }
            .colorInconclusive
            {
                background-color: #7BEDED;
            }
            .colorCleanupFailed
            {
                background-color: #FFCCCC;
            }
            .colorRandomlyFailed
            {
                background-color: #EDB07B;
            }
            .colorFailed
            {
                background-color: #ED5F5F;
            }
            .colorInitializationFailed
            {
                background-color: #FF0000;
            }
            .colorFrameworkError
            {
                background-color: #FF0000;
            }
            ul.subNodeLinks
            {
                padding-left: 20px;
                margin: 0px;
            }
            ul.subNodeLinks li
            {
                list-style: none;
            }
            
            /* views general */
            div.scrollable
            {
                /*overflow: auto; - thsi has to be set from js, because of an IE9 bug */
            }
            div.viewbox
            {
                position: relative;
                border: 3px solid #e8eef4;
            }
            div.viewbox table
            {
                border: 0px;
            }
                        
            /* testview */
            #testview
            {
                padding-top: 23px;
            }
            
            table.testview-items td
            {
                vertical-align: bottom;
                padding: 0px 1px 0px 1px;
            }
            td.right-padding, td.left-padding
            {
                width: 25px;
                min-width: 25px;
            }
            table.testview-items a.bar
            {
                width: 5px;
            }
            table.testview-items tr.testview-items-row
            {
                height: 60px;
            }
            
            /* scale */
            table.vertical-scale 
            {
                position: absolute;
                top: 23px;
                left: 0px;
                width: 100%;
                z-index: -100;
            }
            table.vertical-scale td, tr.horizontal-scale td
            {
                font-size: 60%;
                line-height: normal;
            }
            table.vertical-scale tr.scale-max, table.vertical-scale tr.scale-mid 
            {
                height: 30px;
            }
            tr.horizontal-scale, table.vertical-scale tr.scale-min 
            {
                height: 12px;
            }
            
            td.scale-max-label, td.scale-mid-label, td.scale-min-label
            {
                border-top: solid 1px #E6E6E6;
                text-align: left;
                vertical-align: top;
            }
            td.scale-10-label
            {
                border-left: solid 1px #E6E6E6;
                text-align: left;
                vertical-align: bottom;
                padding-left: 1px;
            }
            tr.scale-mid td, tr.scale-min td, tr.scale-max td
            {
                border-top: solid 1px #E6E6E6;
            }
           
            
            /* bar-control */
            #bar-control
            {
                font-size: 60%;
                line-height: normal;
                position: absolute;
                right: 0px;
                top: 0px;
            }
            #bar-control label
            {
                font-weight: bold;
                vertical-align: middle;
            }
            #bar-control .option
            {
                vertical-align: middle;
                text-transform: lowercase;
            }
            #bar-control input[type="checkbox"]
            {
                padding: 0 2px 0 3px;
            }
            #bar-control input
            {
                vertical-align: top;
                height: 12px;
                margin: 0px;
                padding: 0px;
            }
            #bar-control div
            {
                float: right;
                margin: 3px 5px 3px 5px;
            }
            
            
            /* timeline view */
            #timelineview
            {
                padding-top: 5px;
            }
            table.timelineview a
            {
                height: 20px;
            }
            table.timelineview td
            {
                vertical-align: bottom;
                padding: 0px 1px 0px 0px;
                border: 0px;
            }
            tr.thread-items-row
            {
                height: 25px;
            }
            tr.thread-items-row td
            {
                vertical-align: bottom;
            }
            td.thread-label
            {
                padding: 0px 6px 0px 6px;
                text-align: right;
                line-height: 18px;
                vertical-align: bottom;
            }
            th.thread-label
            {
                padding: 3px 6px 0px 6px;
                line-height: 18px;
                text-align: left;
                vertical-align: bottom;
            }
        </style>
	</head>
	<body>
        <h1>UnitTestProject Test Execution Report</h1>
        <ul>
            <li>Project: UnitTestProject</li>
            <li>Configuration: Default</li>
            <li>Test Assemblies: UnitTestProject.dll</li>
            <li>Start Time: 9/14/2017 3:49:34 PM</li>
            <li>Duration: 00:01:25.8671983</li>
            <li>Test Threads: 1</li>
        </ul>

        <h2>Result: 2 failed</h2>
        <table class="testEvents">
                <tr>
        <th colspan="2">Success rate</th>
        <th>Tests</th>
        <th>Succeeded</th>
        <th>Failed</th>
        <th>Pending</th>
        <th>Ignored</th>
        <th>Skipped</th>
    </tr>

                <tr>
            <td>
            0%
    </td>
    <td>
        <table class="timelineview" cellpadding="0" cellspacing="0">
            <tr>
                    <td>
                        <a class="bar colorFailed" 
                           style="width: 199px;" 
                           title="2 failed" 
                                                          href="#error_summary"
                        />
                    </td>
            </tr>
            
        </table>
    </td>
    <td>2 (test executions: 6)</td>
    <td>0</td>
    <td>2</td>
    <td>0</td>
    <td>0</td>
    <td>0</td>

    </tr>

        </table>
        
        <h2>Test Timeline Summary</h2>

        <div id="timelineview" class="viewbox">
            <div class="scrollable">
                <table cellpadding="0" cellspacing="0">
                    <tr>
                        <th class="thread-label" colspan="2">thread</th>
                    </tr>
                        <tr class="thread-items-row">
                            <td class="thread-label" title="Machine: FLEX81AMVM-672">#0</td>
                            <td colspan="1">
                                <table class="timelineview" cellpadding="0" cellspacing="0">
                                    <tr>

                                            <td>
        <a
            class="bar startupBar" 
            style="width: 3px;" 
                title="test thread startup" 
        >&nbsp;</a>
    </td>

    <td>
        <a
            class="bar colorFailed" 
            style="width: 3px;" 
                title="Search Place by Destination, Nova York, Estado de Nova York, Estados Unidos (in SearchPlace_ByDestination)" 
                href="#t201527545.0"
        >&nbsp;</a>
    </td>
    <td>
        <a
            class="bar colorFailed" 
            style="width: 6px;" 
                title="Search Place by Destination, Nova York, Estado de Nova York, Estados Unidos (in SearchPlace_ByDestination) retry #1" 
                href="#t201527545.1"
        >&nbsp;</a>
    </td>
    <td>
        <a
            class="bar colorFailed" 
            style="width: 10px;" 
                title="Search Place by Destination, Nova York, Estado de Nova York, Estados Unidos (in SearchPlace_ByDestination) retry #2" 
                href="#t201527545.2"
        >&nbsp;</a>
    </td>
    <td>
        <a
            class="bar colorFailed" 
            style="width: 5px;" 
                title="Search Place by Destination, Orlando, Fl&#243;rida, Estados Unidos (in SearchPlace_ByDestination)" 
                href="#t1794801228.0"
        >&nbsp;</a>
    </td>
    <td>
        <a
            class="bar colorFailed" 
            style="width: 7px;" 
                title="Search Place by Destination, Orlando, Fl&#243;rida, Estados Unidos (in SearchPlace_ByDestination) retry #1" 
                href="#t1794801228.1"
        >&nbsp;</a>
    </td>
    <td>
        <a
            class="bar colorFailed" 
            style="width: 3px;" 
                title="Search Place by Destination, Orlando, Fl&#243;rida, Estados Unidos (in SearchPlace_ByDestination) retry #2" 
                href="#t1794801228.2"
        >&nbsp;</a>
    </td>
                                    </tr>
                                </table>
                            </td>
                        </tr>
                    <tr class="horizontal-scale">
                        <td>&nbsp;</td>
                        <td class="scale-10-label">0s</td>
                    </tr>
                </table>
            </div>
        </div>

        <h2>Test Result View</h2>
        <div id="testview" class="viewbox">
            <div id="bar-control">
                <div id="bar-control-sort">
                    <label>sort by:</label>
                    <span class="option"><input type="radio" name="barSortOrder" value="exectime" />Time</span>
                    <span class="option"><input type="radio" name="barSortOrder" value="acttime" />Act Time</span>
                    <span class="option"><input type="radio" name="barSortOrder" value="order" />Execution</span>
                    <span class="option"><input type="radio" name="barSortOrder" value="rescode" checked="checked" />Result</span>
                    <span class="option"><input type="checkbox" name="barSortDesc" id="barSortDesc" checked="checked" />desc</span>
                </div>
                <div id="bar-control-heights">
                    <label>heights:</label>
                    <span class="option"><input type="radio" checked="checked" name="barHeight" value="exectime" />Time</span>
                    <span class="option"><input type="radio" name="barHeight" value="acttime" />Act Time</span>
                    
                </div>
            </div>
            <table class="vertical-scale" cellpadding="0" cellspacing="0">
                <tr class="scale-max">
                    <td class="left-padding scale-max-label">&nbsp;</td>
                    <td colspan="6">&nbsp;</td>
                    <td class="right-padding">&nbsp;</td>
                </tr>
                <tr class="scale-mid">
                    <td class="left-padding scale-mid-label">&nbsp;</td>
                    <td colspan="6">&nbsp;</td>
                    <td class="right-padding">&nbsp;</td>
                </tr>
                <tr class="scale-min">
                    <td class="left-padding scale-min-label">&nbsp;</td>
                    <td colspan="6">&nbsp;</td>
                    <td class="right-padding">&nbsp;</td>
                </tr>
            </table>
            <div class="scrollable">
                <table class="testview-items" cellpadding="0" cellspacing="0">
                    <tr class="testview-items-row">
                        <td class="left-padding">&nbsp;</td>
    <td class="testview-item" 
        data-sr-exectime="14.5519984" data-sr-rescode="440" data-sr-order="0" data-sr-acttime="4.654">
        <a
            class="bar colorFailed" 
            style="height: 39px;"
            title="Search Place by Destination, Nova York, Estado de Nova York, Estados Unidos (in SearchPlace_ByDestination)"
            href="#t201527545.0">&nbsp;</a>
    </td>
    <td class="testview-item" 
        data-sr-exectime="16.2351697" data-sr-rescode="440" data-sr-order="1" data-sr-acttime="3.957">
        <a
            class="bar colorFailed" 
            style="height: 44px;"
            title="Search Place by Destination, Nova York, Estado de Nova York, Estados Unidos (in SearchPlace_ByDestination) retry #1"
            href="#t201527545.1">&nbsp;</a>
    </td>
    <td class="testview-item" 
        data-sr-exectime="22.1710144" data-sr-rescode="440" data-sr-order="2" data-sr-acttime="7.8">
        <a
            class="bar colorFailed" 
            style="height: 60px;"
            title="Search Place by Destination, Nova York, Estado de Nova York, Estados Unidos (in SearchPlace_ByDestination) retry #2"
            href="#t201527545.2">&nbsp;</a>
    </td>
    <td class="testview-item" 
        data-sr-exectime="12.3037477" data-sr-rescode="440" data-sr-order="3" data-sr-acttime="1.826">
        <a
            class="bar colorFailed" 
            style="height: 33px;"
            title="Search Place by Destination, Orlando, Fl&#243;rida, Estados Unidos (in SearchPlace_ByDestination)"
            href="#t1794801228.0">&nbsp;</a>
    </td>
    <td class="testview-item" 
        data-sr-exectime="16.954424" data-sr-rescode="440" data-sr-order="4" data-sr-acttime="6.971">
        <a
            class="bar colorFailed" 
            style="height: 46px;"
            title="Search Place by Destination, Orlando, Fl&#243;rida, Estados Unidos (in SearchPlace_ByDestination) retry #1"
            href="#t1794801228.1">&nbsp;</a>
    </td>
    <td class="testview-item" 
        data-sr-exectime="3.5701293" data-sr-rescode="440" data-sr-order="5" data-sr-acttime="0.001">
        <a
            class="bar colorFailed" 
            style="height: 10px;"
            title="Search Place by Destination, Orlando, Fl&#243;rida, Estados Unidos (in SearchPlace_ByDestination) retry #2"
            href="#t1794801228.2">&nbsp;</a>
    </td>
                        <td class="right-padding">&nbsp;</td>
                    </tr>
                    <tr class="horizontal-scale">
                        <td class="left-padding">&nbsp;</td>
                        <td colspan="10">&nbsp;</td>
                    </tr>
                </table>
            </div>
        </div>

        <h2>Feature Summary</h2>
        <table class="testEvents">
                <tr>
            <th>Feature</th>
        <th colspan="2">Success rate</th>
        <th>Tests</th>
        <th>Succeeded</th>
        <th>Failed</th>
        <th>Pending</th>
        <th>Ignored</th>
        <th>Skipped</th>
            <th>Duration</th>
    </tr>

    <tr>
            <td><a href="#f-1171456319">SearchPlace_ByDestination</a></td>
            <td>
            0%
    </td>
    <td>
        <table class="timelineview" cellpadding="0" cellspacing="0">
            <tr>
                    <td>
                        <a class="bar colorFailed" 
                           style="width: 199px;" 
                           title="2 failed" 
                                                          href="#error_summary"
                        />
                    </td>
            </tr>
            
        </table>
    </td>
    <td>2 (test executions: 6)</td>
    <td>0</td>
    <td>2</td>
    <td>0</td>
    <td>0</td>
    <td>0</td>
        <td>00:01:25.7864835</td>

    </tr>
        </table>

        <a name="error_summary" />
        <h2>Error Summary</h2>
        <table class="testEvents">
                <tr>
            <th>Test</th>
        <th colspan="2">Success rate</th>
        <th>Tests</th>
        <th>Succeeded</th>
        <th>Failed</th>
        <th>Pending</th>
        <th>Ignored</th>
        <th>Skipped</th>
    </tr>

                <tr>
                    <td>
                        <a href="#t201527545.0">Search Place by Destination, Nova York, Estado de Nova York, Estados Unidos (in UnitTestProject, SearchPlace_ByDestination)</a>
                            <a href="#t201527545.1">retry #1</a>
                            <a href="#t201527545.2">retry #2</a>
                    </td>
                        <td>
            0%
    </td>
    <td>
        <table class="timelineview" cellpadding="0" cellspacing="0">
            <tr>
                    <td>
                        <a class="bar colorFailed" 
                           style="width: 199px;" 
                           title="1 failed" 
                                                          href="#error_summary"
                        />
                    </td>
            </tr>
            
        </table>
    </td>
    <td>1 (test executions: 3)</td>
    <td>0</td>
    <td>1</td>
    <td>0</td>
    <td>0</td>
    <td>0</td>

                </tr>
                <tr>
                    <td colspan="9" style="padding-left: 20px;"><div class="errorMessage">Error: no such element: Unable to locate element: {&quot;method&quot;:&quot;xpath&quot;,&quot;selector&quot;:&quot;//*[@id=&quot;right&quot;]/div[3]/div/div/div/h1&quot;}
  (Session info: chrome=60.0.3112.113)
  (Driver info: chromedriver=2.30.477700 (0057494ad8732195794a7b32078424f92a5fce41),platform=Windows NT 6.3.9600 x86_64)</div></td>
                </tr>
                <tr>
                    <td>
                        <a href="#t1794801228.0">Search Place by Destination, Orlando, Fl&#243;rida, Estados Unidos (in UnitTestProject, SearchPlace_ByDestination)</a>
                            <a href="#t1794801228.1">retry #1</a>
                            <a href="#t1794801228.2">retry #2</a>
                    </td>
                        <td>
            0%
    </td>
    <td>
        <table class="timelineview" cellpadding="0" cellspacing="0">
            <tr>
                    <td>
                        <a class="bar colorFailed" 
                           style="width: 199px;" 
                           title="1 failed" 
                                                          href="#error_summary"
                        />
                    </td>
            </tr>
            
        </table>
    </td>
    <td>1 (test executions: 3)</td>
    <td>0</td>
    <td>1</td>
    <td>0</td>
    <td>0</td>
    <td>0</td>

                </tr>
                <tr>
                    <td colspan="9" style="padding-left: 20px;"><div class="errorMessage">Error: unknown error: Element &lt;span&gt;...&lt;/span&gt; is not clickable at point (333, 442). Other element would receive the click: &lt;li class=&quot;c-autocomplete__item sb-autocomplete__item sb-autocomplete__item-with_photo sb-autocomplete__item--airport sb-autocomplete__item__item--elipsis &quot; data-list-item=&quot;&quot; data-i=&quot;3&quot; data-value=&quot;&quot; data-label=&quot;Aeropuerto internacional de Orlando, Orlando, Florida, Estados Unidos&quot; data-title=&quot;Aeropuerto internacional de Orlando, Orlando, Florida, Estados Unidos&quot;&gt;...&lt;/li&gt;
  (Session info: chrome=60.0.3112.113)
  (Driver info: chromedriver=2.30.477700 (0057494ad8732195794a7b32078424f92a5fce41),platform=Windows NT 6.3.9600 x86_64), retry #1: no such element: Unable to locate element: {&quot;method&quot;:&quot;xpath&quot;,&quot;selector&quot;:&quot;//*[@id=&quot;right&quot;]/div[3]/div/div/div/h1&quot;}
  (Session info: chrome=60.0.3112.113)
  (Driver info: chromedriver=2.30.477700 (0057494ad8732195794a7b32078424f92a5fce41),platform=Windows NT 6.3.9600 x86_64), retry #2: no such window: target window already closed
from unknown error: web view not found
  (Session info: chrome=60.0.3112.113)
  (Driver info: chromedriver=2.30.477700 (0057494ad8732195794a7b32078424f92a5fce41),platform=Windows NT 6.3.9600 x86_64)</div></td>
                </tr>
        </table>

        <h2>Scenario Summary</h2>
            <a name="f-1171456319" />
            <h3>Feature: SearchPlace_ByDestination</h3>
                <div class="description"><pre>	In order to interact with the Booking.com application
	As a user
	I want to search a place by destination</pre>
                </div>
            <table class="testEvents">
                    <tr>
            <th>Test</th>
        <th colspan="2">Success rate</th>
        <th>Tests</th>
        <th>Succeeded</th>
        <th>Failed</th>
        <th>Pending</th>
        <th>Ignored</th>
        <th>Skipped</th>
            <th>Duration</th>
    </tr>

                    <tr>
                        <td>
                                    <a href="#t201527545.0">Scenario: Search Place by Destination, Nova York, Estado de Nova York, Estados Unidos</a>
            <a href="#t201527545.1">retry #1</a>
            <a href="#t201527545.2">retry #2</a>

                        </td>
                        
                            <td>
            0%
    </td>
    <td>
        <table class="timelineview" cellpadding="0" cellspacing="0">
            <tr>
                    <td>
                        <a class="bar colorFailed" 
                           style="width: 199px;" 
                           title="1 failed" 
                                                          href="#error_summary"
                        />
                    </td>
            </tr>
            
        </table>
    </td>
    <td>1 (test executions: 3)</td>
    <td>0</td>
    <td>1</td>
    <td>0</td>
    <td>0</td>
    <td>0</td>
        <td>00:00:52.9581825</td>

                        
                    </tr>
                    <tr>
                        <td>
                                    <a href="#t1794801228.0">Scenario: Search Place by Destination, Orlando, Fl&#243;rida, Estados Unidos</a>
            <a href="#t1794801228.1">retry #1</a>
            <a href="#t1794801228.2">retry #2</a>

                        </td>
                        
                            <td>
            0%
    </td>
    <td>
        <table class="timelineview" cellpadding="0" cellspacing="0">
            <tr>
                    <td>
                        <a class="bar colorFailed" 
                           style="width: 199px;" 
                           title="1 failed" 
                                                          href="#error_summary"
                        />
                    </td>
            </tr>
            
        </table>
    </td>
    <td>1 (test executions: 3)</td>
    <td>0</td>
    <td>1</td>
    <td>0</td>
    <td>0</td>
    <td>0</td>
        <td>00:00:32.8283010</td>

                        
                    </tr>
            </table>

        <h2>Execution Details</h2>
            <a name="t201527545.0" />
            <h3>Scenario: Search Place by Destination, Nova York, Estado de Nova York, Estados Unidos (in UnitTestProject, SearchPlace_ByDestination)</h3>
                <div class="description">
                    tags: mytag
                </div>
            <ul>
                <li>Status: Failed</li>
                <li>Start time: 9/14/2017 3:49:35 PM</li>
                <li>Execution time (sec): 14.5519984</li>
                <li>Thread: #0</li>
                <li>Error: no such element: Unable to locate element: {&quot;method&quot;:&quot;xpath&quot;,&quot;selector&quot;:&quot;//*[@id=&quot;right&quot;]/div[3]/div/div/div/h1&quot;}
  (Session info: chrome=60.0.3112.113)
  (Driver info: chromedriver=2.30.477700 (0057494ad8732195794a7b32078424f92a5fce41),platform=Windows NT 6.3.9600 x86_64)</li>
            </ul>
            <table class="testEvents">
                <tr>
                    <th>Steps</th>
                    <th>Trace</th>
                    <th>Result</th>
                </tr>
                    <tr>
                        <td>
                            <pre class="log">Given I am access the application</pre>
                        </td>
                        <td>
                            <!-- [TestArrange: Scenario - Search Place by Destination, Nova York, Estado de Nova York, Estados Unidos] -->
                            <pre class="log">done: SearchPlace_ByDestinationAndPeriodSteps.GivenIAmAccessTheApplication() (4.8s)</pre>
                        </td>
                        <td>Succeeded in 7.329s</td>
                    </tr>
                    <tr>
                        <td>
                            <pre class="log">And I have opened Accommodations Page</pre>
                        </td>
                        <td>
                            <!-- [TestArrange: Scenario - Search Place by Destination, Nova York, Estado de Nova York, Estados Unidos] -->
                            <pre class="log">done: SearchPlace_ByDestinationAndPeriodSteps.GivenIHaveOpenedAccommodationsPage() (0.0s)</pre>
                        </td>
                        <td>Succeeded in 0.049s</td>
                    </tr>
                    <tr>
                        <td>
                            <pre class="log">When I search by field Nova York, Estado de Nova York, Estados Unidos</pre>
                        </td>
                        <td>
                            <!-- [TestAct: Scenario - Search Place by Destination, Nova York, Estado de Nova York, Estados Unidos] -->
                            <pre class="log">done: SearchPlace_ByDestinationAndPeriodSteps.WhenISearchByField(&quot;Nova York, Estado...&quot;) (4.6s)</pre>
                        </td>
                        <td>Succeeded in 4.654s</td>
                    </tr>
                    <tr>
                        <td>
                            <pre class="log">Then the page returns record found</pre>
                        </td>
                        <td>
                            <!-- [TestAssert: Scenario - Search Place by Destination, Nova York, Estado de Nova York, Estados Unidos] -->
                            <pre class="log">error: no such element: Unable to locate element: {&quot;method&quot;:&quot;xpath&quot;,&quot;selector&quot;:&quot;//*[@id=&quot;right&quot;]/div[3]/div/div/div/h1&quot;}
  (Session info: chrome=60.0.3112.113)
  (Driver info: chromedriver=2.30.477700 (0057494ad8732195794a7b32078424f92a5fce41),platform=Windows NT 6.3.9600 x86_64)</pre>
                                <div class="errorMessage">no such element: Unable to locate element: {&quot;method&quot;:&quot;xpath&quot;,&quot;selector&quot;:&quot;//*[@id=&quot;right&quot;]/div[3]/div/div/div/h1&quot;}
  (Session info: chrome=60.0.3112.113)
  (Driver info: chromedriver=2.30.477700 (0057494ad8732195794a7b32078424f92a5fce41),platform=Windows NT 6.3.9600 x86_64)</div>
                                <pre class="stackTrace">OpenQA.Selenium.NoSuchElementException: no such element: Unable to locate element: {&quot;method&quot;:&quot;xpath&quot;,&quot;selector&quot;:&quot;//*[@id=&quot;right&quot;]/div[3]/div/div/div/h1&quot;}
  (Session info: chrome=60.0.3112.113)
  (Driver info: chromedriver=2.30.477700 (0057494ad8732195794a7b32078424f92a5fce41),platform=Windows NT 6.3.9600 x86_64)
   at OpenQA.Selenium.Remote.RemoteWebDriver.UnpackAndThrowOnError(Response errorResponse)
   at OpenQA.Selenium.Remote.RemoteWebDriver.Execute(String driverCommandToExecute, Dictionary`2 parameters)
   at OpenQA.Selenium.Remote.RemoteWebDriver.FindElement(String mechanism, String value)
   at OpenQA.Selenium.Remote.RemoteWebDriver.FindElementByXPath(String xpath)
   at OpenQA.Selenium.By.&lt;&gt;c__DisplayClasse.&lt;XPath&gt;b__c(ISearchContext context)
   at OpenQA.Selenium.By.FindElement(ISearchContext context)
   at OpenQA.Selenium.Remote.RemoteWebDriver.FindElement(By by)
   at UnitTestProject.SearchPlace_ByDestinationAndPeriodSteps.ThenThePageReturnsRecordFound() in c:\Projects\BDD\Booking\GeneralCode.cs:line 54
   at lambda_method(Closure , IContextManager )
   at TechTalk.SpecFlow.Bindings.BindingInvoker.InvokeBinding(IBinding binding, IContextManager contextManager, Object[] arguments, ITestTracer testTracer, TimeSpan&amp; duration)
   at TechTalk.SpecFlow.Infrastructure.TestExecutionEngine.ExecuteStepMatch(BindingMatch match, Object[] arguments)
   at TechTalk.SpecFlow.Infrastructure.TestExecutionEngine.ExecuteStep(StepInstance stepInstance)
   at TechTalk.SpecFlow.Infrastructure.TestExecutionEngine.OnAfterLastStep()
   at TechTalk.SpecFlow.TestRunner.CollectScenarioErrors()
   at UnitTestProject.SearchPlace_ByDestinationFeature.ScenarioCleanup() in c:\Users\Micheli_C_Santos\Documents\Visual Studio 2013\Projects\BDD\UnitTestProject\UnitTestProject\SearchPlace_ByDestination.feature.cs:line 0
   at UnitTestProject.SearchPlace_ByDestinationFeature.SearchPlaceByDestination(String destination, String[] exampleTags) in c:\Users\Micheli_C_Santos\Documents\Visual Studio 2013\Projects\BDD\UnitTestProject\UnitTestProject\SearchPlace_ByDestination.feature:line 11
   at UnitTestProject.SearchPlace_ByDestinationFeature.SearchPlaceByDestination_NovaYorkEstadoDeNovaYorkEstadosUnidos() in c:\Users\Micheli_C_Santos\Documents\Visual Studio 2013\Projects\BDD\UnitTestProject\UnitTestProject\SearchPlace_ByDestination.feature.cs:line 0
   at TechTalk.SpecRun.Framework.TaskExecutors.StaticOrInstanceMethodExecutor.ExecuteInternal(ITestThreadExecutionContext testThreadExecutionContext)
   at TechTalk.SpecRun.Framework.TaskExecutors.StaticOrInstanceMethodExecutor.Execute(ITestThreadExecutionContext testThreadExecutionContext)
   at TechTalk.SpecRun.Framework.TestAssemblyExecutor.ExecuteTestNodeTask(TestNode testNode, ITaskExecutor task, TraceEventType eventType)</pre>
                        </td>
                        <td>Failed in 0.048s</td>
                    </tr>
            </table>
            <a name="t201527545.1" />
            <h3>Scenario: Search Place by Destination, Nova York, Estado de Nova York, Estados Unidos (in UnitTestProject, SearchPlace_ByDestination) retry #1</h3>
                <div class="description">
                    tags: mytag
                </div>
            <ul>
                <li>Status: Failed</li>
                <li>Start time: 9/14/2017 3:49:49 PM</li>
                <li>Execution time (sec): 16.2351697</li>
                <li>Thread: #0</li>
                <li>Error: no such element: Unable to locate element: {&quot;method&quot;:&quot;xpath&quot;,&quot;selector&quot;:&quot;//*[@id=&quot;right&quot;]/div[3]/div/div/div/h1&quot;}
  (Session info: chrome=60.0.3112.113)
  (Driver info: chromedriver=2.30.477700 (0057494ad8732195794a7b32078424f92a5fce41),platform=Windows NT 6.3.9600 x86_64)</li>
            </ul>
            <table class="testEvents">
                <tr>
                    <th>Steps</th>
                    <th>Trace</th>
                    <th>Result</th>
                </tr>
                    <tr>
                        <td>
                            <pre class="log">Given I am access the application</pre>
                        </td>
                        <td>
                            <!-- [TestArrange: Scenario - Search Place by Destination, Nova York, Estado de Nova York, Estados Unidos] -->
                            <pre class="log">done: SearchPlace_ByDestinationAndPeriodSteps.GivenIAmAccessTheApplication() (7.4s)</pre>
                        </td>
                        <td>Succeeded in 9.817s</td>
                    </tr>
                    <tr>
                        <td>
                            <pre class="log">And I have opened Accommodations Page</pre>
                        </td>
                        <td>
                            <!-- [TestArrange: Scenario - Search Place by Destination, Nova York, Estado de Nova York, Estados Unidos] -->
                            <pre class="log">done: SearchPlace_ByDestinationAndPeriodSteps.GivenIHaveOpenedAccommodationsPage() (0.0s)</pre>
                        </td>
                        <td>Succeeded in 0.049s</td>
                    </tr>
                    <tr>
                        <td>
                            <pre class="log">When I search by field Nova York, Estado de Nova York, Estados Unidos</pre>
                        </td>
                        <td>
                            <!-- [TestAct: Scenario - Search Place by Destination, Nova York, Estado de Nova York, Estados Unidos] -->
                            <pre class="log">done: SearchPlace_ByDestinationAndPeriodSteps.WhenISearchByField(&quot;Nova York, Estado...&quot;) (3.9s)</pre>
                        </td>
                        <td>Succeeded in 3.957s</td>
                    </tr>
                    <tr>
                        <td>
                            <pre class="log">Then the page returns record found</pre>
                        </td>
                        <td>
                            <!-- [TestAssert: Scenario - Search Place by Destination, Nova York, Estado de Nova York, Estados Unidos] -->
                            <pre class="log">error: no such element: Unable to locate element: {&quot;method&quot;:&quot;xpath&quot;,&quot;selector&quot;:&quot;//*[@id=&quot;right&quot;]/div[3]/div/div/div/h1&quot;}
  (Session info: chrome=60.0.3112.113)
  (Driver info: chromedriver=2.30.477700 (0057494ad8732195794a7b32078424f92a5fce41),platform=Windows NT 6.3.9600 x86_64)</pre>
                                <div class="errorMessage">no such element: Unable to locate element: {&quot;method&quot;:&quot;xpath&quot;,&quot;selector&quot;:&quot;//*[@id=&quot;right&quot;]/div[3]/div/div/div/h1&quot;}
  (Session info: chrome=60.0.3112.113)
  (Driver info: chromedriver=2.30.477700 (0057494ad8732195794a7b32078424f92a5fce41),platform=Windows NT 6.3.9600 x86_64)</div>
                                <pre class="stackTrace">OpenQA.Selenium.NoSuchElementException: no such element: Unable to locate element: {&quot;method&quot;:&quot;xpath&quot;,&quot;selector&quot;:&quot;//*[@id=&quot;right&quot;]/div[3]/div/div/div/h1&quot;}
  (Session info: chrome=60.0.3112.113)
  (Driver info: chromedriver=2.30.477700 (0057494ad8732195794a7b32078424f92a5fce41),platform=Windows NT 6.3.9600 x86_64)
   at OpenQA.Selenium.Remote.RemoteWebDriver.UnpackAndThrowOnError(Response errorResponse)
   at OpenQA.Selenium.Remote.RemoteWebDriver.Execute(String driverCommandToExecute, Dictionary`2 parameters)
   at OpenQA.Selenium.Remote.RemoteWebDriver.FindElement(String mechanism, String value)
   at OpenQA.Selenium.Remote.RemoteWebDriver.FindElementByXPath(String xpath)
   at OpenQA.Selenium.By.&lt;&gt;c__DisplayClasse.&lt;XPath&gt;b__c(ISearchContext context)
   at OpenQA.Selenium.By.FindElement(ISearchContext context)
   at OpenQA.Selenium.Remote.RemoteWebDriver.FindElement(By by)
   at UnitTestProject.SearchPlace_ByDestinationAndPeriodSteps.ThenThePageReturnsRecordFound() in c:\Projects\BDD\Booking\GeneralCode.cs:line 54
   at lambda_method(Closure , IContextManager )
   at TechTalk.SpecFlow.Bindings.BindingInvoker.InvokeBinding(IBinding binding, IContextManager contextManager, Object[] arguments, ITestTracer testTracer, TimeSpan&amp; duration)
   at TechTalk.SpecFlow.Infrastructure.TestExecutionEngine.ExecuteStepMatch(BindingMatch match, Object[] arguments)
   at TechTalk.SpecFlow.Infrastructure.TestExecutionEngine.ExecuteStep(StepInstance stepInstance)
   at TechTalk.SpecFlow.Infrastructure.TestExecutionEngine.OnAfterLastStep()
   at TechTalk.SpecFlow.TestRunner.CollectScenarioErrors()
   at UnitTestProject.SearchPlace_ByDestinationFeature.ScenarioCleanup() in c:\Users\Micheli_C_Santos\Documents\Visual Studio 2013\Projects\BDD\UnitTestProject\UnitTestProject\SearchPlace_ByDestination.feature.cs:line 0
   at UnitTestProject.SearchPlace_ByDestinationFeature.SearchPlaceByDestination(String destination, String[] exampleTags) in c:\Users\Micheli_C_Santos\Documents\Visual Studio 2013\Projects\BDD\UnitTestProject\UnitTestProject\SearchPlace_ByDestination.feature:line 11
   at UnitTestProject.SearchPlace_ByDestinationFeature.SearchPlaceByDestination_NovaYorkEstadoDeNovaYorkEstadosUnidos() in c:\Users\Micheli_C_Santos\Documents\Visual Studio 2013\Projects\BDD\UnitTestProject\UnitTestProject\SearchPlace_ByDestination.feature.cs:line 0
   at TechTalk.SpecRun.Framework.TaskExecutors.StaticOrInstanceMethodExecutor.ExecuteInternal(ITestThreadExecutionContext testThreadExecutionContext)
   at TechTalk.SpecRun.Framework.TaskExecutors.StaticOrInstanceMethodExecutor.Execute(ITestThreadExecutionContext testThreadExecutionContext)
   at TechTalk.SpecRun.Framework.TestAssemblyExecutor.ExecuteTestNodeTask(TestNode testNode, ITaskExecutor task, TraceEventType eventType)</pre>
                        </td>
                        <td>Failed in 0.033s</td>
                    </tr>
            </table>
            <a name="t201527545.2" />
            <h3>Scenario: Search Place by Destination, Nova York, Estado de Nova York, Estados Unidos (in UnitTestProject, SearchPlace_ByDestination) retry #2</h3>
                <div class="description">
                    tags: mytag
                </div>
            <ul>
                <li>Status: Failed</li>
                <li>Start time: 9/14/2017 3:50:05 PM</li>
                <li>Execution time (sec): 22.1710144</li>
                <li>Thread: #0</li>
                <li>Error: no such element: Unable to locate element: {&quot;method&quot;:&quot;xpath&quot;,&quot;selector&quot;:&quot;//*[@id=&quot;right&quot;]/div[3]/div/div/div/h1&quot;}
  (Session info: chrome=60.0.3112.113)
  (Driver info: chromedriver=2.30.477700 (0057494ad8732195794a7b32078424f92a5fce41),platform=Windows NT 6.3.9600 x86_64)</li>
            </ul>
            <table class="testEvents">
                <tr>
                    <th>Steps</th>
                    <th>Trace</th>
                    <th>Result</th>
                </tr>
                    <tr>
                        <td>
                            <pre class="log">Given I am access the application</pre>
                        </td>
                        <td>
                            <!-- [TestArrange: Scenario - Search Place by Destination, Nova York, Estado de Nova York, Estados Unidos] -->
                            <pre class="log">done: SearchPlace_ByDestinationAndPeriodSteps.GivenIAmAccessTheApplication() (9.5s)</pre>
                        </td>
                        <td>Succeeded in 11.906s</td>
                    </tr>
                    <tr>
                        <td>
                            <pre class="log">And I have opened Accommodations Page</pre>
                        </td>
                        <td>
                            <!-- [TestArrange: Scenario - Search Place by Destination, Nova York, Estado de Nova York, Estados Unidos] -->
                            <pre class="log">done: SearchPlace_ByDestinationAndPeriodSteps.GivenIHaveOpenedAccommodationsPage() (0.0s)</pre>
                        </td>
                        <td>Succeeded in 0.044s</td>
                    </tr>
                    <tr>
                        <td>
                            <pre class="log">When I search by field Nova York, Estado de Nova York, Estados Unidos</pre>
                        </td>
                        <td>
                            <!-- [TestAct: Scenario - Search Place by Destination, Nova York, Estado de Nova York, Estados Unidos] -->
                            <pre class="log">done: SearchPlace_ByDestinationAndPeriodSteps.WhenISearchByField(&quot;Nova York, Estado...&quot;) (7.8s)</pre>
                        </td>
                        <td>Succeeded in 7.8s</td>
                    </tr>
                    <tr>
                        <td>
                            <pre class="log">Then the page returns record found</pre>
                        </td>
                        <td>
                            <!-- [TestAssert: Scenario - Search Place by Destination, Nova York, Estado de Nova York, Estados Unidos] -->
                            <pre class="log">error: no such element: Unable to locate element: {&quot;method&quot;:&quot;xpath&quot;,&quot;selector&quot;:&quot;//*[@id=&quot;right&quot;]/div[3]/div/div/div/h1&quot;}
  (Session info: chrome=60.0.3112.113)
  (Driver info: chromedriver=2.30.477700 (0057494ad8732195794a7b32078424f92a5fce41),platform=Windows NT 6.3.9600 x86_64)</pre>
                                <div class="errorMessage">no such element: Unable to locate element: {&quot;method&quot;:&quot;xpath&quot;,&quot;selector&quot;:&quot;//*[@id=&quot;right&quot;]/div[3]/div/div/div/h1&quot;}
  (Session info: chrome=60.0.3112.113)
  (Driver info: chromedriver=2.30.477700 (0057494ad8732195794a7b32078424f92a5fce41),platform=Windows NT 6.3.9600 x86_64)</div>
                                <pre class="stackTrace">OpenQA.Selenium.NoSuchElementException: no such element: Unable to locate element: {&quot;method&quot;:&quot;xpath&quot;,&quot;selector&quot;:&quot;//*[@id=&quot;right&quot;]/div[3]/div/div/div/h1&quot;}
  (Session info: chrome=60.0.3112.113)
  (Driver info: chromedriver=2.30.477700 (0057494ad8732195794a7b32078424f92a5fce41),platform=Windows NT 6.3.9600 x86_64)
   at OpenQA.Selenium.Remote.RemoteWebDriver.UnpackAndThrowOnError(Response errorResponse)
   at OpenQA.Selenium.Remote.RemoteWebDriver.Execute(String driverCommandToExecute, Dictionary`2 parameters)
   at OpenQA.Selenium.Remote.RemoteWebDriver.FindElement(String mechanism, String value)
   at OpenQA.Selenium.Remote.RemoteWebDriver.FindElementByXPath(String xpath)
   at OpenQA.Selenium.By.&lt;&gt;c__DisplayClasse.&lt;XPath&gt;b__c(ISearchContext context)
   at OpenQA.Selenium.By.FindElement(ISearchContext context)
   at OpenQA.Selenium.Remote.RemoteWebDriver.FindElement(By by)
   at UnitTestProject.SearchPlace_ByDestinationAndPeriodSteps.ThenThePageReturnsRecordFound() in c:\Projects\BDD\Booking\GeneralCode.cs:line 54
   at lambda_method(Closure , IContextManager )
   at TechTalk.SpecFlow.Bindings.BindingInvoker.InvokeBinding(IBinding binding, IContextManager contextManager, Object[] arguments, ITestTracer testTracer, TimeSpan&amp; duration)
   at TechTalk.SpecFlow.Infrastructure.TestExecutionEngine.ExecuteStepMatch(BindingMatch match, Object[] arguments)
   at TechTalk.SpecFlow.Infrastructure.TestExecutionEngine.ExecuteStep(StepInstance stepInstance)
   at TechTalk.SpecFlow.Infrastructure.TestExecutionEngine.OnAfterLastStep()
   at TechTalk.SpecFlow.TestRunner.CollectScenarioErrors()
   at UnitTestProject.SearchPlace_ByDestinationFeature.ScenarioCleanup() in c:\Users\Micheli_C_Santos\Documents\Visual Studio 2013\Projects\BDD\UnitTestProject\UnitTestProject\SearchPlace_ByDestination.feature.cs:line 0
   at UnitTestProject.SearchPlace_ByDestinationFeature.SearchPlaceByDestination(String destination, String[] exampleTags) in c:\Users\Micheli_C_Santos\Documents\Visual Studio 2013\Projects\BDD\UnitTestProject\UnitTestProject\SearchPlace_ByDestination.feature:line 11
   at UnitTestProject.SearchPlace_ByDestinationFeature.SearchPlaceByDestination_NovaYorkEstadoDeNovaYorkEstadosUnidos() in c:\Users\Micheli_C_Santos\Documents\Visual Studio 2013\Projects\BDD\UnitTestProject\UnitTestProject\SearchPlace_ByDestination.feature.cs:line 0
   at TechTalk.SpecRun.Framework.TaskExecutors.StaticOrInstanceMethodExecutor.ExecuteInternal(ITestThreadExecutionContext testThreadExecutionContext)
   at TechTalk.SpecRun.Framework.TaskExecutors.StaticOrInstanceMethodExecutor.Execute(ITestThreadExecutionContext testThreadExecutionContext)
   at TechTalk.SpecRun.Framework.TestAssemblyExecutor.ExecuteTestNodeTask(TestNode testNode, ITaskExecutor task, TraceEventType eventType)</pre>
                        </td>
                        <td>Failed in 0.034s</td>
                    </tr>
            </table>
            <a name="t1794801228.0" />
            <h3>Scenario: Search Place by Destination, Orlando, Fl&#243;rida, Estados Unidos (in UnitTestProject, SearchPlace_ByDestination)</h3>
                <div class="description">
                    tags: mytag
                </div>
            <ul>
                <li>Status: Failed</li>
                <li>Start time: 9/14/2017 3:50:27 PM</li>
                <li>Execution time (sec): 12.3037477</li>
                <li>Thread: #0</li>
                <li>Error: unknown error: Element &lt;span&gt;...&lt;/span&gt; is not clickable at point (333, 442). Other element would receive the click: &lt;li class=&quot;c-autocomplete__item sb-autocomplete__item sb-autocomplete__item-with_photo sb-autocomplete__item--airport sb-autocomplete__item__item--elipsis &quot; data-list-item=&quot;&quot; data-i=&quot;3&quot; data-value=&quot;&quot; data-label=&quot;Aeropuerto internacional de Orlando, Orlando, Florida, Estados Unidos&quot; data-title=&quot;Aeropuerto internacional de Orlando, Orlando, Florida, Estados Unidos&quot;&gt;...&lt;/li&gt;
  (Session info: chrome=60.0.3112.113)
  (Driver info: chromedriver=2.30.477700 (0057494ad8732195794a7b32078424f92a5fce41),platform=Windows NT 6.3.9600 x86_64)</li>
            </ul>
            <table class="testEvents">
                <tr>
                    <th>Steps</th>
                    <th>Trace</th>
                    <th>Result</th>
                </tr>
                    <tr>
                        <td>
                            <pre class="log">Given I am access the application</pre>
                        </td>
                        <td>
                            <!-- [TestArrange: Scenario - Search Place by Destination, Orlando, Fl&#243;rida, Estados Unidos] -->
                            <pre class="log">done: SearchPlace_ByDestinationAndPeriodSteps.GivenIAmAccessTheApplication() (5.6s)</pre>
                        </td>
                        <td>Succeeded in 8.057s</td>
                    </tr>
                    <tr>
                        <td>
                            <pre class="log">And I have opened Accommodations Page</pre>
                        </td>
                        <td>
                            <!-- [TestArrange: Scenario - Search Place by Destination, Orlando, Fl&#243;rida, Estados Unidos] -->
                            <pre class="log">done: SearchPlace_ByDestinationAndPeriodSteps.GivenIHaveOpenedAccommodationsPage() (0.0s)</pre>
                        </td>
                        <td>Succeeded in 0.044s</td>
                    </tr>
                    <tr>
                        <td>
                            <pre class="log">When I search by field Orlando, Fl&#243;rida, Estados Unidos</pre>
                        </td>
                        <td>
                            <!-- [TestAct: Scenario - Search Place by Destination, Orlando, Fl&#243;rida, Estados Unidos] -->
                            <pre class="log">error: unknown error: Element &lt;span&gt;...&lt;/span&gt; is not clickable at point (333, 442). Other element would receive the click: &lt;li class=&quot;c-autocomplete__item sb-autocomplete__item sb-autocomplete__item-with_photo sb-autocomplete__item--airport sb-autocomplete__item__item--elipsis &quot; data-list-item=&quot;&quot; data-i=&quot;3&quot; data-value=&quot;&quot; data-label=&quot;Aeropuerto internacional de Orlando, Orlando, Florida, Estados Unidos&quot; data-title=&quot;Aeropuerto internacional de Orlando, Orlando, Florida, Estados Unidos&quot;&gt;...&lt;/li&gt;
  (Session info: chrome=60.0.3112.113)
  (Driver info: chromedriver=2.30.477700 (0057494ad8732195794a7b32078424f92a5fce41),platform=Windows NT 6.3.9600 x86_64)</pre>
                                <div class="errorMessage">unknown error: Element &lt;span&gt;...&lt;/span&gt; is not clickable at point (333, 442). Other element would receive the click: &lt;li class=&quot;c-autocomplete__item sb-autocomplete__item sb-autocomplete__item-with_photo sb-autocomplete__item--airport sb-autocomplete__item__item--elipsis &quot; data-list-item=&quot;&quot; data-i=&quot;3&quot; data-value=&quot;&quot; data-label=&quot;Aeropuerto internacional de Orlando, Orlando, Florida, Estados Unidos&quot; data-title=&quot;Aeropuerto internacional de Orlando, Orlando, Florida, Estados Unidos&quot;&gt;...&lt;/li&gt;
  (Session info: chrome=60.0.3112.113)
  (Driver info: chromedriver=2.30.477700 (0057494ad8732195794a7b32078424f92a5fce41),platform=Windows NT 6.3.9600 x86_64)</div>
                                <pre class="stackTrace">System.InvalidOperationException: unknown error: Element &lt;span&gt;...&lt;/span&gt; is not clickable at point (333, 442). Other element would receive the click: &lt;li class=&quot;c-autocomplete__item sb-autocomplete__item sb-autocomplete__item-with_photo sb-autocomplete__item--airport sb-autocomplete__item__item--elipsis &quot; data-list-item=&quot;&quot; data-i=&quot;3&quot; data-value=&quot;&quot; data-label=&quot;Aeropuerto internacional de Orlando, Orlando, Florida, Estados Unidos&quot; data-title=&quot;Aeropuerto internacional de Orlando, Orlando, Florida, Estados Unidos&quot;&gt;...&lt;/li&gt;
  (Session info: chrome=60.0.3112.113)
  (Driver info: chromedriver=2.30.477700 (0057494ad8732195794a7b32078424f92a5fce41),platform=Windows NT 6.3.9600 x86_64)
   at OpenQA.Selenium.Remote.RemoteWebDriver.UnpackAndThrowOnError(Response errorResponse)
   at OpenQA.Selenium.Remote.RemoteWebDriver.Execute(String driverCommandToExecute, Dictionary`2 parameters)
   at OpenQA.Selenium.Remote.RemoteWebElement.Click()
   at UnitTestProject.SearchPlace_ByDestinationAndPeriodSteps.WhenISearchByField(String destination) in c:\Projects\BDD\Booking\GeneralCode.cs:line 48
   at lambda_method(Closure , IContextManager , String )
   at TechTalk.SpecFlow.Bindings.BindingInvoker.InvokeBinding(IBinding binding, IContextManager contextManager, Object[] arguments, ITestTracer testTracer, TimeSpan&amp; duration)
   at TechTalk.SpecFlow.Infrastructure.TestExecutionEngine.ExecuteStepMatch(BindingMatch match, Object[] arguments)
   at TechTalk.SpecFlow.Infrastructure.TestExecutionEngine.ExecuteStep(StepInstance stepInstance)
   at TechTalk.SpecFlow.Infrastructure.TestExecutionEngine.OnAfterLastStep()
   at TechTalk.SpecFlow.TestRunner.CollectScenarioErrors()
   at UnitTestProject.SearchPlace_ByDestinationFeature.ScenarioCleanup() in c:\Users\Micheli_C_Santos\Documents\Visual Studio 2013\Projects\BDD\UnitTestProject\UnitTestProject\SearchPlace_ByDestination.feature.cs:line 0
   at UnitTestProject.SearchPlace_ByDestinationFeature.SearchPlaceByDestination(String destination, String[] exampleTags) in c:\Users\Micheli_C_Santos\Documents\Visual Studio 2013\Projects\BDD\UnitTestProject\UnitTestProject\SearchPlace_ByDestination.feature:line 11
   at UnitTestProject.SearchPlace_ByDestinationFeature.SearchPlaceByDestination_OrlandoFloridaEstadosUnidos() in c:\Users\Micheli_C_Santos\Documents\Visual Studio 2013\Projects\BDD\UnitTestProject\UnitTestProject\SearchPlace_ByDestination.feature.cs:line 0
   at TechTalk.SpecRun.Framework.TaskExecutors.StaticOrInstanceMethodExecutor.ExecuteInternal(ITestThreadExecutionContext testThreadExecutionContext)
   at TechTalk.SpecRun.Framework.TaskExecutors.StaticOrInstanceMethodExecutor.Execute(ITestThreadExecutionContext testThreadExecutionContext)
   at TechTalk.SpecRun.Framework.TestAssemblyExecutor.ExecuteTestNodeTask(TestNode testNode, ITaskExecutor task, TraceEventType eventType)</pre>
                        </td>
                        <td>Failed in 1.826s</td>
                    </tr>
                    <tr>
                        <td>
                            <pre class="log">Then the page returns record found</pre>
                        </td>
                        <td>
                            <!-- [TestAssert: Scenario - Search Place by Destination, Orlando, Fl&#243;rida, Estados Unidos] -->
                            <pre class="log">skipped because of previous errors</pre>
                        </td>
                        <td>Skipped in 0.001s</td>
                    </tr>
            </table>
            <a name="t1794801228.1" />
            <h3>Scenario: Search Place by Destination, Orlando, Fl&#243;rida, Estados Unidos (in UnitTestProject, SearchPlace_ByDestination) retry #1</h3>
                <div class="description">
                    tags: mytag
                </div>
            <ul>
                <li>Status: Failed</li>
                <li>Start time: 9/14/2017 3:50:40 PM</li>
                <li>Execution time (sec): 16.954424</li>
                <li>Thread: #0</li>
                <li>Error: no such element: Unable to locate element: {&quot;method&quot;:&quot;xpath&quot;,&quot;selector&quot;:&quot;//*[@id=&quot;right&quot;]/div[3]/div/div/div/h1&quot;}
  (Session info: chrome=60.0.3112.113)
  (Driver info: chromedriver=2.30.477700 (0057494ad8732195794a7b32078424f92a5fce41),platform=Windows NT 6.3.9600 x86_64)</li>
            </ul>
            <table class="testEvents">
                <tr>
                    <th>Steps</th>
                    <th>Trace</th>
                    <th>Result</th>
                </tr>
                    <tr>
                        <td>
                            <pre class="log">Given I am access the application</pre>
                        </td>
                        <td>
                            <!-- [TestArrange: Scenario - Search Place by Destination, Orlando, Fl&#243;rida, Estados Unidos] -->
                            <pre class="log">done: SearchPlace_ByDestinationAndPeriodSteps.GivenIAmAccessTheApplication() (5.1s)</pre>
                        </td>
                        <td>Succeeded in 7.507s</td>
                    </tr>
                    <tr>
                        <td>
                            <pre class="log">And I have opened Accommodations Page</pre>
                        </td>
                        <td>
                            <!-- [TestArrange: Scenario - Search Place by Destination, Orlando, Fl&#243;rida, Estados Unidos] -->
                            <pre class="log">done: SearchPlace_ByDestinationAndPeriodSteps.GivenIHaveOpenedAccommodationsPage() (0.0s)</pre>
                        </td>
                        <td>Succeeded in 0.044s</td>
                    </tr>
                    <tr>
                        <td>
                            <pre class="log">When I search by field Orlando, Fl&#243;rida, Estados Unidos</pre>
                        </td>
                        <td>
                            <!-- [TestAct: Scenario - Search Place by Destination, Orlando, Fl&#243;rida, Estados Unidos] -->
                            <pre class="log">done: SearchPlace_ByDestinationAndPeriodSteps.WhenISearchByField(&quot;Orlando, Fl&#243;rida,...&quot;) (7.0s)</pre>
                        </td>
                        <td>Succeeded in 6.971s</td>
                    </tr>
                    <tr>
                        <td>
                            <pre class="log">Then the page returns record found</pre>
                        </td>
                        <td>
                            <!-- [TestAssert: Scenario - Search Place by Destination, Orlando, Fl&#243;rida, Estados Unidos] -->
                            <pre class="log">error: no such element: Unable to locate element: {&quot;method&quot;:&quot;xpath&quot;,&quot;selector&quot;:&quot;//*[@id=&quot;right&quot;]/div[3]/div/div/div/h1&quot;}
  (Session info: chrome=60.0.3112.113)
  (Driver info: chromedriver=2.30.477700 (0057494ad8732195794a7b32078424f92a5fce41),platform=Windows NT 6.3.9600 x86_64)</pre>
                                <div class="errorMessage">no such element: Unable to locate element: {&quot;method&quot;:&quot;xpath&quot;,&quot;selector&quot;:&quot;//*[@id=&quot;right&quot;]/div[3]/div/div/div/h1&quot;}
  (Session info: chrome=60.0.3112.113)
  (Driver info: chromedriver=2.30.477700 (0057494ad8732195794a7b32078424f92a5fce41),platform=Windows NT 6.3.9600 x86_64)</div>
                                <pre class="stackTrace">OpenQA.Selenium.NoSuchElementException: no such element: Unable to locate element: {&quot;method&quot;:&quot;xpath&quot;,&quot;selector&quot;:&quot;//*[@id=&quot;right&quot;]/div[3]/div/div/div/h1&quot;}
  (Session info: chrome=60.0.3112.113)
  (Driver info: chromedriver=2.30.477700 (0057494ad8732195794a7b32078424f92a5fce41),platform=Windows NT 6.3.9600 x86_64)
   at OpenQA.Selenium.Remote.RemoteWebDriver.UnpackAndThrowOnError(Response errorResponse)
   at OpenQA.Selenium.Remote.RemoteWebDriver.Execute(String driverCommandToExecute, Dictionary`2 parameters)
   at OpenQA.Selenium.Remote.RemoteWebDriver.FindElement(String mechanism, String value)
   at OpenQA.Selenium.Remote.RemoteWebDriver.FindElementByXPath(String xpath)
   at OpenQA.Selenium.By.&lt;&gt;c__DisplayClasse.&lt;XPath&gt;b__c(ISearchContext context)
   at OpenQA.Selenium.By.FindElement(ISearchContext context)
   at OpenQA.Selenium.Remote.RemoteWebDriver.FindElement(By by)
   at UnitTestProject.SearchPlace_ByDestinationAndPeriodSteps.ThenThePageReturnsRecordFound() in c:\Projects\BDD\Booking\GeneralCode.cs:line 54
   at lambda_method(Closure , IContextManager )
   at TechTalk.SpecFlow.Bindings.BindingInvoker.InvokeBinding(IBinding binding, IContextManager contextManager, Object[] arguments, ITestTracer testTracer, TimeSpan&amp; duration)
   at TechTalk.SpecFlow.Infrastructure.TestExecutionEngine.ExecuteStepMatch(BindingMatch match, Object[] arguments)
   at TechTalk.SpecFlow.Infrastructure.TestExecutionEngine.ExecuteStep(StepInstance stepInstance)
   at TechTalk.SpecFlow.Infrastructure.TestExecutionEngine.OnAfterLastStep()
   at TechTalk.SpecFlow.TestRunner.CollectScenarioErrors()
   at UnitTestProject.SearchPlace_ByDestinationFeature.ScenarioCleanup() in c:\Users\Micheli_C_Santos\Documents\Visual Studio 2013\Projects\BDD\UnitTestProject\UnitTestProject\SearchPlace_ByDestination.feature.cs:line 0
   at UnitTestProject.SearchPlace_ByDestinationFeature.SearchPlaceByDestination(String destination, String[] exampleTags) in c:\Users\Micheli_C_Santos\Documents\Visual Studio 2013\Projects\BDD\UnitTestProject\UnitTestProject\SearchPlace_ByDestination.feature:line 11
   at UnitTestProject.SearchPlace_ByDestinationFeature.SearchPlaceByDestination_OrlandoFloridaEstadosUnidos() in c:\Users\Micheli_C_Santos\Documents\Visual Studio 2013\Projects\BDD\UnitTestProject\UnitTestProject\SearchPlace_ByDestination.feature.cs:line 0
   at TechTalk.SpecRun.Framework.TaskExecutors.StaticOrInstanceMethodExecutor.ExecuteInternal(ITestThreadExecutionContext testThreadExecutionContext)
   at TechTalk.SpecRun.Framework.TaskExecutors.StaticOrInstanceMethodExecutor.Execute(ITestThreadExecutionContext testThreadExecutionContext)
   at TechTalk.SpecRun.Framework.TestAssemblyExecutor.ExecuteTestNodeTask(TestNode testNode, ITaskExecutor task, TraceEventType eventType)</pre>
                        </td>
                        <td>Failed in 0.047s</td>
                    </tr>
            </table>
            <a name="t1794801228.2" />
            <h3>Scenario: Search Place by Destination, Orlando, Fl&#243;rida, Estados Unidos (in UnitTestProject, SearchPlace_ByDestination) retry #2</h3>
                <div class="description">
                    tags: mytag
                </div>
            <ul>
                <li>Status: Failed</li>
                <li>Start time: 9/14/2017 3:50:57 PM</li>
                <li>Execution time (sec): 3.5701293</li>
                <li>Thread: #0</li>
                <li>Error: no such window: target window already closed
from unknown error: web view not found
  (Session info: chrome=60.0.3112.113)
  (Driver info: chromedriver=2.30.477700 (0057494ad8732195794a7b32078424f92a5fce41),platform=Windows NT 6.3.9600 x86_64)</li>
            </ul>
            <table class="testEvents">
                <tr>
                    <th>Steps</th>
                    <th>Trace</th>
                    <th>Result</th>
                </tr>
                    <tr>
                        <td>
                            <pre class="log">Given I am access the application</pre>
                        </td>
                        <td>
                            <!-- [TestArrange: Scenario - Search Place by Destination, Orlando, Fl&#243;rida, Estados Unidos] -->
                            <pre class="log">done: SearchPlace_ByDestinationAndPeriodSteps.GivenIAmAccessTheApplication() (1.1s)</pre>
                        </td>
                        <td>Succeeded in 3.545s</td>
                    </tr>
                    <tr>
                        <td>
                            <pre class="log">And I have opened Accommodations Page</pre>
                        </td>
                        <td>
                            <!-- [TestArrange: Scenario - Search Place by Destination, Orlando, Fl&#243;rida, Estados Unidos] -->
                            <pre class="log">error: no such window: target window already closed
from unknown error: web view not found
  (Session info: chrome=60.0.3112.113)
  (Driver info: chromedriver=2.30.477700 (0057494ad8732195794a7b32078424f92a5fce41),platform=Windows NT 6.3.9600 x86_64)</pre>
                                <div class="errorMessage">no such window: target window already closed
from unknown error: web view not found
  (Session info: chrome=60.0.3112.113)
  (Driver info: chromedriver=2.30.477700 (0057494ad8732195794a7b32078424f92a5fce41),platform=Windows NT 6.3.9600 x86_64)</div>
                                <pre class="stackTrace">OpenQA.Selenium.NoSuchWindowException: no such window: target window already closed
from unknown error: web view not found
  (Session info: chrome=60.0.3112.113)
  (Driver info: chromedriver=2.30.477700 (0057494ad8732195794a7b32078424f92a5fce41),platform=Windows NT 6.3.9600 x86_64)
   at OpenQA.Selenium.Remote.RemoteWebDriver.UnpackAndThrowOnError(Response errorResponse)
   at OpenQA.Selenium.Remote.RemoteWebDriver.Execute(String driverCommandToExecute, Dictionary`2 parameters)
   at OpenQA.Selenium.Remote.RemoteWebDriver.FindElement(String mechanism, String value)
   at OpenQA.Selenium.Remote.RemoteWebDriver.FindElementByXPath(String xpath)
   at OpenQA.Selenium.By.&lt;&gt;c__DisplayClasse.&lt;XPath&gt;b__c(ISearchContext context)
   at OpenQA.Selenium.By.FindElement(ISearchContext context)
   at OpenQA.Selenium.Remote.RemoteWebDriver.FindElement(By by)
   at UnitTestProject.SearchPlace_ByDestinationAndPeriodSteps.GivenIHaveOpenedAccommodationsPage() in c:\Projects\BDD\Booking\GeneralCode.cs:line 41
   at lambda_method(Closure , IContextManager )
   at TechTalk.SpecFlow.Bindings.BindingInvoker.InvokeBinding(IBinding binding, IContextManager contextManager, Object[] arguments, ITestTracer testTracer, TimeSpan&amp; duration)
   at TechTalk.SpecFlow.Infrastructure.TestExecutionEngine.ExecuteStepMatch(BindingMatch match, Object[] arguments)
   at TechTalk.SpecFlow.Infrastructure.TestExecutionEngine.ExecuteStep(StepInstance stepInstance)
   at TechTalk.SpecFlow.Infrastructure.TestExecutionEngine.OnAfterLastStep()
   at TechTalk.SpecFlow.TestRunner.CollectScenarioErrors()
   at UnitTestProject.SearchPlace_ByDestinationFeature.ScenarioCleanup() in c:\Users\Micheli_C_Santos\Documents\Visual Studio 2013\Projects\BDD\UnitTestProject\UnitTestProject\SearchPlace_ByDestination.feature.cs:line 0
   at UnitTestProject.SearchPlace_ByDestinationFeature.SearchPlaceByDestination(String destination, String[] exampleTags) in c:\Users\Micheli_C_Santos\Documents\Visual Studio 2013\Projects\BDD\UnitTestProject\UnitTestProject\SearchPlace_ByDestination.feature:line 11
   at UnitTestProject.SearchPlace_ByDestinationFeature.SearchPlaceByDestination_OrlandoFloridaEstadosUnidos() in c:\Users\Micheli_C_Santos\Documents\Visual Studio 2013\Projects\BDD\UnitTestProject\UnitTestProject\SearchPlace_ByDestination.feature.cs:line 0
   at TechTalk.SpecRun.Framework.TaskExecutors.StaticOrInstanceMethodExecutor.ExecuteInternal(ITestThreadExecutionContext testThreadExecutionContext)
   at TechTalk.SpecRun.Framework.TaskExecutors.StaticOrInstanceMethodExecutor.Execute(ITestThreadExecutionContext testThreadExecutionContext)
   at TechTalk.SpecRun.Framework.TestAssemblyExecutor.ExecuteTestNodeTask(TestNode testNode, ITaskExecutor task, TraceEventType eventType)</pre>
                        </td>
                        <td>Failed in 0.007s</td>
                    </tr>
                    <tr>
                        <td>
                            <pre class="log">When I search by field Orlando, Fl&#243;rida, Estados Unidos</pre>
                        </td>
                        <td>
                            <!-- [TestAct: Scenario - Search Place by Destination, Orlando, Fl&#243;rida, Estados Unidos] -->
                            <pre class="log">skipped because of previous errors</pre>
                        </td>
                        <td>Skipped in 0.001s</td>
                    </tr>
                    <tr>
                        <td>
                            <pre class="log">Then the page returns record found</pre>
                        </td>
                        <td>
                            <!-- [TestAssert: Scenario - Search Place by Destination, Orlando, Fl&#243;rida, Estados Unidos] -->
                            <pre class="log">skipped because of previous errors</pre>
                        </td>
                        <td>Skipped in 0.001s</td>
                    </tr>
                    <tr>
                        <td>
                            <pre class="log"></pre>
                        </td>
                        <td>
                            <!-- [Cleanup: Scenario - Search Place by Destination, Orlando, Fl&#243;rida, Estados Unidos] -->
                            <pre class="log"></pre>
                                <div class="errorMessage">no such window: target window already closed
from unknown error: web view not found
  (Session info: chrome=60.0.3112.113)
  (Driver info: chromedriver=2.30.477700 (0057494ad8732195794a7b32078424f92a5fce41),platform=Windows NT 6.3.9600 x86_64)</div>
                                <pre class="stackTrace">OpenQA.Selenium.NoSuchWindowException: no such window: target window already closed
from unknown error: web view not found
  (Session info: chrome=60.0.3112.113)
  (Driver info: chromedriver=2.30.477700 (0057494ad8732195794a7b32078424f92a5fce41),platform=Windows NT 6.3.9600 x86_64)
   at OpenQA.Selenium.Remote.RemoteWebDriver.UnpackAndThrowOnError(Response errorResponse)
   at OpenQA.Selenium.Remote.RemoteWebDriver.Execute(String driverCommandToExecute, Dictionary`2 parameters)
   at OpenQA.Selenium.Remote.RemoteWebDriver.Close()
   at UnitTestProject.SearchPlace_ByDestinationAndPeriodSteps.CloseWebDriver() in c:\Projects\BDD\Booking\GeneralCode.cs:line 27
   at lambda_method(Closure , IContextManager )
   at TechTalk.SpecFlow.Bindings.BindingInvoker.InvokeBinding(IBinding binding, IContextManager contextManager, Object[] arguments, ITestTracer testTracer, TimeSpan&amp; duration)
   at TechTalk.SpecFlow.Infrastructure.TestExecutionEngine.FireEvents(HookType bindingEvent)
   at TechTalk.SpecFlow.Infrastructure.TestExecutionEngine.OnScenarioEnd()
   at TechTalk.SpecFlow.TestRunner.OnScenarioEnd()
   at UnitTestProject.SearchPlace_ByDestinationFeature.ScenarioTearDown() in c:\Users\Micheli_C_Santos\Documents\Visual Studio 2013\Projects\BDD\UnitTestProject\UnitTestProject\SearchPlace_ByDestination.feature.cs:line 0
   at TechTalk.SpecRun.Framework.TaskExecutors.StaticOrInstanceMethodExecutor.ExecuteInternal(ITestThreadExecutionContext testThreadExecutionContext)
   at TechTalk.SpecRun.Framework.TaskExecutors.StaticOrInstanceMethodExecutor.Execute(ITestThreadExecutionContext testThreadExecutionContext)
   at TechTalk.SpecRun.Framework.TestAssemblyExecutor.ExecuteTestNodeTask(TestNode testNode, ITaskExecutor task, TraceEventType eventType)</pre>
                        </td>
                        <td>Failed in 0.014s</td>
                    </tr>
            </table>
	</body>
</html>